AH00557: httpd-prefork: apr_sockaddr_info_get() failed for localhost.localdomain
AH00558: httpd-prefork: Could not reliably determine the server's fully qualified domain name, using 127.0.0.1. Set the 'ServerName' directive globally to suppress this message
[Sun Apr 27 12:38:24.967972 2025] [ssl:warn] [pid 19225] AH01873: Init: Session Cache is not configured [hint: SSLSessionCache]
[Sun Apr 27 12:38:25.411494 2025] [mpm_prefork:notice] [pid 19225] AH00163: Apache/2.4.58 (Linux/SUSE) OpenSSL/3.1.4 PHP/8.2.28 configured -- resuming normal operations
[Sun Apr 27 12:38:25.411663 2025] [core:notice] [pid 19225] AH00094: Command line: '/usr/sbin/httpd-prefork -D SYSCONFIG -D phpMyAdmin -C PidFile /run/httpd.pid -C Include /etc/apache2/sysconfig.d//loadmodule.conf -C Include /etc/apache2/sysconfig.d//global.conf -f /etc/apache2/httpd.conf -c Include /etc/apache2/sysconfig.d//include.conf -D SYSTEMD -D FOREGROUND'
[Sun Apr 27 14:26:09.756702 2025] [mpm_prefork:notice] [pid 19225] AH00170: caught SIGWINCH, shutting down gracefully
AH00558: httpd-prefork: Could not reliably determine the server's fully qualified domain name, using ::1. Set the 'ServerName' directive globally to suppress this message
[Mon Apr 28 13:31:30.375422 2025] [ssl:warn] [pid 1538] AH01873: Init: Session Cache is not configured [hint: SSLSessionCache]
[Mon Apr 28 13:31:30.734029 2025] [mpm_prefork:notice] [pid 1538] AH00163: Apache/2.4.58 (Linux/SUSE) OpenSSL/3.1.4 PHP/8.2.28 configured -- resuming normal operations
[Mon Apr 28 13:31:30.734069 2025] [core:notice] [pid 1538] AH00094: Command line: '/usr/sbin/httpd-prefork -D SYSCONFIG -D phpMyAdmin -C PidFile /run/httpd.pid -C Include /etc/apache2/sysconfig.d//loadmodule.conf -C Include /etc/apache2/sysconfig.d//global.conf -f /etc/apache2/httpd.conf -c Include /etc/apache2/sysconfig.d//include.conf -D SYSTEMD -D FOREGROUND'
AH00558: httpd-prefork: Could not reliably determine the server's fully qualified domain name, using ::1. Set the 'ServerName' directive globally to suppress this message
[Mon Apr 28 20:25:10.791898 2025] [ssl:warn] [pid 1526] AH01873: Init: Session Cache is not configured [hint: SSLSessionCache]
[Mon Apr 28 20:25:11.060817 2025] [mpm_prefork:notice] [pid 1526] AH00163: Apache/2.4.58 (Linux/SUSE) OpenSSL/3.1.4 PHP/8.2.28 configured -- resuming normal operations
[Mon Apr 28 20:25:11.060887 2025] [core:notice] [pid 1526] AH00094: Command line: '/usr/sbin/httpd-prefork -D SYSCONFIG -D phpMyAdmin -C PidFile /run/httpd.pid -C Include /etc/apache2/sysconfig.d//loadmodule.conf -C Include /etc/apache2/sysconfig.d//global.conf -f /etc/apache2/httpd.conf -c Include /etc/apache2/sysconfig.d//include.conf -D SYSTEMD -D FOREGROUND'
AH00558: httpd-prefork: Could not reliably determine the server's fully qualified domain name, using ::1. Set the 'ServerName' directive globally to suppress this message
[Thu May 08 20:45:47.208194 2025] [ssl:warn] [pid 1531] AH01873: Init: Session Cache is not configured [hint: SSLSessionCache]
[Thu May 08 20:45:47.468717 2025] [mpm_prefork:notice] [pid 1531] AH00163: Apache/2.4.58 (Linux/SUSE) OpenSSL/3.1.4 PHP/8.2.28 configured -- resuming normal operations
[Thu May 08 20:45:47.468776 2025] [core:notice] [pid 1531] AH00094: Command line: '/usr/sbin/httpd-prefork -D SYSCONFIG -D phpMyAdmin -C PidFile /run/httpd.pid -C Include /etc/apache2/sysconfig.d//loadmodule.conf -C Include /etc/apache2/sysconfig.d//global.conf -f /etc/apache2/httpd.conf -c Include /etc/apache2/sysconfig.d//include.conf -D SYSTEMD -D FOREGROUND'
AH00558: httpd-prefork: Could not reliably determine the server's fully qualified domain name, using ::1. Set the 'ServerName' directive globally to suppress this message
[Thu May 08 20:49:28.941001 2025] [ssl:warn] [pid 1528] AH01873: Init: Session Cache is not configured [hint: SSLSessionCache]
[Thu May 08 20:49:29.210007 2025] [mpm_prefork:notice] [pid 1528] AH00163: Apache/2.4.58 (Linux/SUSE) OpenSSL/3.1.4 PHP/8.2.28 configured -- resuming normal operations
[Thu May 08 20:49:29.210240 2025] [core:notice] [pid 1528] AH00094: Command line: '/usr/sbin/httpd-prefork -D SYSCONFIG -D phpMyAdmin -C PidFile /run/httpd.pid -C Include /etc/apache2/sysconfig.d//loadmodule.conf -C Include /etc/apache2/sysconfig.d//global.conf -f /etc/apache2/httpd.conf -c Include /etc/apache2/sysconfig.d//include.conf -D SYSTEMD -D FOREGROUND'
